features/hello/build/outputs/logs/manifest-merger-release-report.txt
-- Merging decision tree log ---
manifest
ADDED from src/main/AndroidManifest.xml:17:1-54:12
INJECTED from src/main/AndroidManifest.xml:17:1-54:12
INJECTED from src/main/AndroidManifest.xml:17:1-54:12
INJECTED from src/main/AndroidManifest.xml:17:1-54:12
INJECTED from src/main/AndroidManifest.xml:17:1-54:12
INJECTED from src/main/AndroidManifest.xml:17:1-54:12
INJECTED from src/main/AndroidManifest.xml:17:1-54:12
	package
		ADDED from src/main/AndroidManifest.xml:18:5-50
		INJECTED from src/main/AndroidManifest.xml
		INJECTED from src/main/AndroidManifest.xml
	android:versionName
		INJECTED from src/main/AndroidManifest.xml
		ADDED from src/main/AndroidManifest.xml:17:1-54:12
		INJECTED from src/main/AndroidManifest.xml
	android:versionCode
		INJECTED from src/main/AndroidManifest.xml
		ADDED from src/main/AndroidManifest.xml:17:1-54:12
		INJECTED from src/main/AndroidManifest.xml
	xmlns:android
		ADDED from src/main/AndroidManifest.xml:17:11-69
application
ADDED from src/main/AndroidManifest.xml:20:5-52:19
activity#com.instantappsamples.feature.hello.HelloActivity
ADDED from src/main/AndroidManifest.xml:22:9-50:20
	android:label
		ADDED from src/main/AndroidManifest.xml:24:13-57
	android:theme
		ADDED from src/main/AndroidManifest.xml:25:13-44
	android:name
		ADDED from src/main/AndroidManifest.xml:23:13-77
intent-filter#action:name:android.intent.action.MAIN+category:name:android.intent.category.LAUNCHER
ADDED from src/main/AndroidManifest.xml:27:13-30:29
	android:label
		ADDED from src/main/AndroidManifest.xml:27:28-60
action#android.intent.action.MAIN
ADDED from src/main/AndroidManifest.xml:28:17-69
	android:name
		ADDED from src/main/AndroidManifest.xml:28:25-66
category#android.intent.category.LAUNCHER
ADDED from src/main/AndroidManifest.xml:29:17-77
	android:name
		ADDED from src/main/AndroidManifest.xml:29:27-74
intent-filter#action:name:android.intent.action.VIEW+category:name:android.intent.category.BROWSABLE+category:name:android.intent.category.DEFAULT+data:host:hello-feature.instantappsample.com+data:pathPrefix:/hello+data:scheme:http+data:scheme:https
ADDED from src/main/AndroidManifest.xml:32:13-44:29
	android:autoVerify
		ADDED from src/main/AndroidManifest.xml:33:17-42
	android:order
		ADDED from src/main/AndroidManifest.xml:34:17-34
action#android.intent.action.VIEW
ADDED from src/main/AndroidManifest.xml:35:17-69
	android:name
		ADDED from src/main/AndroidManifest.xml:35:25-66
category#android.intent.category.BROWSABLE
ADDED from src/main/AndroidManifest.xml:37:17-78
	android:name
		ADDED from src/main/AndroidManifest.xml:37:27-75
category#android.intent.category.DEFAULT
ADDED from src/main/AndroidManifest.xml:38:17-76
	android:name
		ADDED from src/main/AndroidManifest.xml:38:27-73
data
ADDED from src/main/AndroidManifest.xml:40:17-48
	android:host
		ADDED from src/main/AndroidManifest.xml:42:23-72
	android:scheme
		ADDED from src/main/AndroidManifest.xml:40:23-45
	android:pathPrefix
		ADDED from src/main/AndroidManifest.xml:43:23-50
meta-data#default-url
ADDED from src/main/AndroidManifest.xml:46:13-48:84
	android:value
		ADDED from src/main/AndroidManifest.xml:48:17-81
	android:name
		ADDED from src/main/AndroidManifest.xml:47:17-43
uses-sdk
INJECTED from src/main/AndroidManifest.xml reason: use-sdk injection requested
INJECTED from src/main/AndroidManifest.xml
INJECTED from src/main/AndroidManifest.xml
INJECTED from src/main/AndroidManifest.xml
INJECTED from src/main/AndroidManifest.xml
	android:targetSdkVersion
		INJECTED from src/main/AndroidManifest.xml
		ADDED from src/main/AndroidManifest.xml
		INJECTED from src/main/AndroidManifest.xml
	android:minSdkVersion
		INJECTED from src/main/AndroidManifest.xml
		ADDED from src/main/AndroidManifest.xml
		INJECTED from src/main/AndroidManifest.xml